<?xml version="1.0" encoding="UTF-8"?>
<!-- Generated by org.testng.reporters.JUnitXMLReporter -->
<testsuite hostname="compaq-PC" name="Test" tests="4" failures="2" timestamp="12 Jan 2019 14:33:04 GMT" time="0.276" errors="0">
  <testcase name="testCase1" time="0.051" classname="com.prathamesh.test.G"/>
  <testcase name="testCase2" time="0.004" classname="com.prathamesh.test.G">
    <failure type="java.lang.AssertionError" message="expected [Hello] but found [Hii]">
      <![CDATA[java.lang.AssertionError: expected [Hello] but found [Hii]
	at com.prathamesh.test.G.testCase2(G.java:16)
... Removed 30 stack frames]]>
    </failure>
  </testcase> <!-- testCase2 -->
  <testcase name="testCase1" time="0.027" classname="com.prathamesh.test.I"/>
  <testcase name="testCase2" time="0.002" classname="com.prathamesh.test.I">
    <failure type="java.lang.AssertionError" message="expected [ji] but found [jj]">
      <![CDATA[java.lang.AssertionError: expected [ji] but found [jj]
	at com.prathamesh.test.I.testCase2(I.java:17)
... Removed 30 stack frames]]>
    </failure>
  </testcase> <!-- testCase2 -->
</testsuite> <!-- Test -->
