<?xml version="1.0" encoding="UTF-8"?>
<testng-results skipped="0" failed="0" ignored="0" total="1" passed="1">
  <reporter-output>
  </reporter-output>
  <suite name="Default suite" duration-ms="202" started-at="2019-01-10T03:50:26Z" finished-at="2019-01-10T03:50:27Z">
    <groups>
    </groups>
    <test name="Default test" duration-ms="202" started-at="2019-01-10T03:50:26Z" finished-at="2019-01-10T03:50:27Z">
      <class name="com.prathamesh.TestNG.MyFirstTest">
        <test-method status="PASS" signature="beforeTest()[pri:0, instance:com.prathamesh.TestNG.MyFirstTest@100a15d]" name="beforeTest" is-config="true" duration-ms="109" started-at="2019-01-10T03:50:26Z" finished-at="2019-01-10T03:50:26Z">
          <reporter-output>
          </reporter-output>
        </test-method> <!-- beforeTest -->
        <test-method status="PASS" signature="f()[pri:0, instance:com.prathamesh.TestNG.MyFirstTest@100a15d]" name="f" duration-ms="31" started-at="2019-01-10T03:50:27Z" finished-at="2019-01-10T03:50:27Z">
          <reporter-output>
          </reporter-output>
        </test-method> <!-- f -->
        <test-method status="PASS" signature="afterTest()[pri:0, instance:com.prathamesh.TestNG.MyFirstTest@100a15d]" name="afterTest" is-config="true" duration-ms="0" started-at="2019-01-10T03:50:27Z" finished-at="2019-01-10T03:50:27Z">
          <reporter-output>
          </reporter-output>
        </test-method> <!-- afterTest -->
      </class> <!-- com.prathamesh.TestNG.MyFirstTest -->
    </test> <!-- Default test -->
  </suite> <!-- Default suite -->
</testng-results>
