<?xml version="1.0" encoding="UTF-8"?>
<testng-results skipped="0" failed="1" total="6" passed="5">
  <reporter-output>
  </reporter-output>
  <suite name="Default suite" duration-ms="200" started-at="2019-01-12T14:34:06Z" finished-at="2019-01-12T14:34:06Z">
    <groups>
    </groups>
    <test name="Default test" duration-ms="200" started-at="2019-01-12T14:34:06Z" finished-at="2019-01-12T14:34:06Z">
      <class name="com.prathamesh.test.A">
        <test-method status="PASS" signature="beforeSuite()[pri:0, instance:com.prathamesh.test.A@24a67]" name="beforeSuite" is-config="true" duration-ms="48" started-at="2019-01-12T20:04:06Z" finished-at="2019-01-12T20:04:06Z">
          <reporter-output>
          </reporter-output>
        </test-method> <!-- beforeSuite -->
        <test-method status="PASS" signature="beforeTest()[pri:0, instance:com.prathamesh.test.A@24a67]" name="beforeTest" is-config="true" duration-ms="1" started-at="2019-01-12T20:04:06Z" finished-at="2019-01-12T20:04:06Z">
          <reporter-output>
          </reporter-output>
        </test-method> <!-- beforeTest -->
        <test-method status="PASS" signature="beforeClass()[pri:0, instance:com.prathamesh.test.A@24a67]" name="beforeClass" is-config="true" duration-ms="0" started-at="2019-01-12T20:04:06Z" finished-at="2019-01-12T20:04:06Z">
          <reporter-output>
          </reporter-output>
        </test-method> <!-- beforeClass -->
        <test-method status="PASS" signature="beforeMethod()[pri:0, instance:com.prathamesh.test.A@24a67]" name="beforeMethod" is-config="true" duration-ms="1" started-at="2019-01-12T20:04:06Z" finished-at="2019-01-12T20:04:06Z">
          <reporter-output>
          </reporter-output>
        </test-method> <!-- beforeMethod -->
        <test-method status="PASS" signature="testCase2()[pri:0, instance:com.prathamesh.test.A@24a67]" name="testCase2" duration-ms="10" started-at="2019-01-12T20:04:06Z" finished-at="2019-01-12T20:04:06Z">
          <reporter-output>
          </reporter-output>
        </test-method> <!-- testCase2 -->
        <test-method status="PASS" signature="beforeMethod()[pri:0, instance:com.prathamesh.test.A@24a67]" name="beforeMethod" is-config="true" duration-ms="1" started-at="2019-01-12T20:04:06Z" finished-at="2019-01-12T20:04:06Z">
          <reporter-output>
          </reporter-output>
        </test-method> <!-- beforeMethod -->
        <test-method status="PASS" signature="afterMethod()[pri:0, instance:com.prathamesh.test.A@24a67]" name="afterMethod" is-config="true" duration-ms="0" started-at="2019-01-12T20:04:06Z" finished-at="2019-01-12T20:04:06Z">
          <reporter-output>
          </reporter-output>
        </test-method> <!-- afterMethod -->
        <test-method status="FAIL" signature="assertedMethod()[pri:0, instance:com.prathamesh.test.A@24a67]" name="assertedMethod" duration-ms="13" started-at="2019-01-12T20:04:06Z" finished-at="2019-01-12T20:04:06Z">
          <exception class="java.lang.AssertionError">
            <message>
              <![CDATA[expected [true] but found [false]]]>
            </message>
            <full-stacktrace>
              <![CDATA[java.lang.AssertionError: expected [true] but found [false]
	at org.testng.Assert.fail(Assert.java:94)
	at org.testng.Assert.failNotEquals(Assert.java:513)
	at org.testng.Assert.assertEqualsImpl(Assert.java:135)
	at org.testng.Assert.assertEquals(Assert.java:116)
	at org.testng.Assert.assertEquals(Assert.java:305)
	at org.testng.Assert.assertEquals(Assert.java:315)
	at com.prathamesh.test.A.assertedMethod(A.java:103)
	at sun.reflect.NativeMethodAccessorImpl.invoke0(Native Method)
	at sun.reflect.NativeMethodAccessorImpl.invoke(NativeMethodAccessorImpl.java:62)
	at sun.reflect.DelegatingMethodAccessorImpl.invoke(DelegatingMethodAccessorImpl.java:43)
	at java.lang.reflect.Method.invoke(Method.java:498)
	at org.testng.internal.MethodInvocationHelper.invokeMethod(MethodInvocationHelper.java:86)
	at org.testng.internal.Invoker.invokeMethod(Invoker.java:643)
	at org.testng.internal.Invoker.invokeTestMethod(Invoker.java:820)
	at org.testng.internal.Invoker.invokeTestMethods(Invoker.java:1128)
	at org.testng.internal.TestMethodWorker.invokeTestMethods(TestMethodWorker.java:129)
	at org.testng.internal.TestMethodWorker.run(TestMethodWorker.java:112)
	at org.testng.TestRunner.privateRun(TestRunner.java:782)
	at org.testng.TestRunner.run(TestRunner.java:632)
	at org.testng.SuiteRunner.runTest(SuiteRunner.java:366)
	at org.testng.SuiteRunner.runSequentially(SuiteRunner.java:361)
	at org.testng.SuiteRunner.privateRun(SuiteRunner.java:319)
	at org.testng.SuiteRunner.run(SuiteRunner.java:268)
	at org.testng.SuiteRunnerWorker.runSuite(SuiteRunnerWorker.java:52)
	at org.testng.SuiteRunnerWorker.run(SuiteRunnerWorker.java:86)
	at org.testng.TestNG.runSuitesSequentially(TestNG.java:1244)
	at org.testng.TestNG.runSuitesLocally(TestNG.java:1169)
	at org.testng.TestNG.run(TestNG.java:1064)
	at org.testng.remote.AbstractRemoteTestNG.run(AbstractRemoteTestNG.java:114)
	at org.testng.remote.RemoteTestNG.initAndRun(RemoteTestNG.java:251)
	at org.testng.remote.RemoteTestNG.main(RemoteTestNG.java:77)
]]>
            </full-stacktrace>
          </exception> <!-- java.lang.AssertionError -->
          <reporter-output>
          </reporter-output>
        </test-method> <!-- assertedMethod -->
        <test-method status="PASS" signature="afterMethod()[pri:0, instance:com.prathamesh.test.A@24a67]" name="afterMethod" is-config="true" duration-ms="0" started-at="2019-01-12T20:04:06Z" finished-at="2019-01-12T20:04:06Z">
          <reporter-output>
          </reporter-output>
        </test-method> <!-- afterMethod -->
        <test-method status="PASS" signature="beforeMethod()[pri:0, instance:com.prathamesh.test.A@24a67]" name="beforeMethod" is-config="true" duration-ms="0" started-at="2019-01-12T20:04:06Z" finished-at="2019-01-12T20:04:06Z">
          <reporter-output>
          </reporter-output>
        </test-method> <!-- beforeMethod -->
        <test-method status="PASS" signature="enabledMethod()[pri:0, instance:com.prathamesh.test.A@24a67]" name="enabledMethod" duration-ms="7" started-at="2019-01-12T20:04:06Z" finished-at="2019-01-12T20:04:06Z">
          <reporter-output>
          </reporter-output>
        </test-method> <!-- enabledMethod -->
        <test-method status="PASS" signature="afterMethod()[pri:0, instance:com.prathamesh.test.A@24a67]" name="afterMethod" is-config="true" duration-ms="0" started-at="2019-01-12T20:04:06Z" finished-at="2019-01-12T20:04:06Z">
          <reporter-output>
          </reporter-output>
        </test-method> <!-- afterMethod -->
        <test-method status="PASS" signature="beforeMethod()[pri:0, instance:com.prathamesh.test.A@24a67]" name="beforeMethod" is-config="true" duration-ms="0" started-at="2019-01-12T20:04:06Z" finished-at="2019-01-12T20:04:06Z">
          <reporter-output>
          </reporter-output>
        </test-method> <!-- beforeMethod -->
        <test-method status="PASS" signature="testCase1()[pri:0, instance:com.prathamesh.test.A@24a67]" name="testCase1" duration-ms="2" started-at="2019-01-12T20:04:06Z" finished-at="2019-01-12T20:04:06Z">
          <reporter-output>
          </reporter-output>
        </test-method> <!-- testCase1 -->
        <test-method status="PASS" signature="afterMethod()[pri:0, instance:com.prathamesh.test.A@24a67]" name="afterMethod" is-config="true" duration-ms="1" started-at="2019-01-12T20:04:06Z" finished-at="2019-01-12T20:04:06Z">
          <reporter-output>
          </reporter-output>
        </test-method> <!-- afterMethod -->
        <test-method status="PASS" signature="testCase3()[pri:0, instance:com.prathamesh.test.A@24a67]" name="testCase3" duration-ms="3" started-at="2019-01-12T20:04:06Z" finished-at="2019-01-12T20:04:06Z">
          <reporter-output>
          </reporter-output>
        </test-method> <!-- testCase3 -->
        <test-method status="PASS" signature="beforeMethod()[pri:0, instance:com.prathamesh.test.A@24a67]" name="beforeMethod" is-config="true" duration-ms="0" started-at="2019-01-12T20:04:06Z" finished-at="2019-01-12T20:04:06Z">
          <reporter-output>
          </reporter-output>
        </test-method> <!-- beforeMethod -->
        <test-method status="PASS" signature="afterMethod()[pri:0, instance:com.prathamesh.test.A@24a67]" name="afterMethod" is-config="true" duration-ms="1" started-at="2019-01-12T20:04:06Z" finished-at="2019-01-12T20:04:06Z">
          <reporter-output>
          </reporter-output>
        </test-method> <!-- afterMethod -->
        <test-method status="PASS" signature="beforeMethod()[pri:0, instance:com.prathamesh.test.A@24a67]" name="beforeMethod" is-config="true" duration-ms="1" started-at="2019-01-12T20:04:06Z" finished-at="2019-01-12T20:04:06Z">
          <reporter-output>
          </reporter-output>
        </test-method> <!-- beforeMethod -->
        <test-method status="PASS" signature="dependsOnTestCase2()[pri:0, instance:com.prathamesh.test.A@24a67]" name="dependsOnTestCase2" duration-ms="3" started-at="2019-01-12T20:04:06Z" depends-on-methods="com.prathamesh.test.A.testCase2" finished-at="2019-01-12T20:04:06Z">
          <reporter-output>
          </reporter-output>
        </test-method> <!-- dependsOnTestCase2 -->
        <test-method status="PASS" signature="afterMethod()[pri:0, instance:com.prathamesh.test.A@24a67]" name="afterMethod" is-config="true" duration-ms="0" started-at="2019-01-12T20:04:06Z" finished-at="2019-01-12T20:04:06Z">
          <reporter-output>
          </reporter-output>
        </test-method> <!-- afterMethod -->
        <test-method status="PASS" signature="afterClass()[pri:0, instance:com.prathamesh.test.A@24a67]" name="afterClass" is-config="true" duration-ms="0" started-at="2019-01-12T20:04:06Z" finished-at="2019-01-12T20:04:06Z">
          <reporter-output>
          </reporter-output>
        </test-method> <!-- afterClass -->
        <test-method status="PASS" signature="afterTest()[pri:0, instance:com.prathamesh.test.A@24a67]" name="afterTest" is-config="true" duration-ms="0" started-at="2019-01-12T20:04:06Z" finished-at="2019-01-12T20:04:06Z">
          <reporter-output>
          </reporter-output>
        </test-method> <!-- afterTest -->
        <test-method status="PASS" signature="afterSuite()[pri:0, instance:com.prathamesh.test.A@24a67]" name="afterSuite" is-config="true" duration-ms="1" started-at="2019-01-12T20:04:06Z" finished-at="2019-01-12T20:04:06Z">
          <reporter-output>
          </reporter-output>
        </test-method> <!-- afterSuite -->
      </class> <!-- com.prathamesh.test.A -->
    </test> <!-- Default test -->
  </suite> <!-- Default suite -->
</testng-results>
